2024-11-11 02:51:11 - Diretório .vscode criado
2024-11-11 02:51:11 - Configurações atualizadas com sucesso
2024-11-11 02:51:11 - Instalando extensão: ms-python.python
2024-11-11 02:51:15 - Instalando extensão: ms-python.vscode-pylance
2024-11-11 02:51:16 - Instalando extensão: ms-python.black-formatter
2024-11-11 02:51:19 - Instalando extensão: eamodio.gitlens
2024-11-11 02:51:21 - Instalando extensão: streetsidesoftware.code-spell-checker
2024-11-11 02:51:24 - Configuração concluída com sucesso!
2024-11-11 03:14:23 - Iniciando configuração do VS Code para BulkSMSManagerGUI
2024-11-11 03:14:23 - Backup das configurações criado: C:\Users\DESKTOP\OneDrive\Documentos\GitHub\BulkSMSManagerGUI\.vscode\settings.json.bak
2024-11-11 03:14:23 - Configurações atualizadas com sucesso
2024-11-11 03:14:23 - Instalando extensão: ms-python.python
2024-11-11 03:14:26 - Instalando extensão: ms-python.vscode-pylance
2024-11-11 03:14:27 - Instalando extensão: ms-python.black-formatter
2024-11-11 03:14:28 - Instalando extensão: eamodio.gitlens
2024-11-11 03:14:30 - Instalando extensão: streetsidesoftware.code-spell-checker
2024-11-11 03:14:31 - Configuração concluída com sucesso!
2024-11-11 03:16:14 - Iniciando configuração do VS Code para BulkSMSManagerGUI
2024-11-11 03:16:14 - Backup das configurações criado: C:\Users\DESKTOP\OneDrive\Documentos\GitHub\BulkSMSManagerGUI\.vscode\settings.json.bak
2024-11-11 03:16:14 - Configurações atualizadas com sucesso
2024-11-11 03:16:14 - Instalando extensão: ms-python.python
2024-11-11 03:16:15 - Instalando extensão: ms-python.vscode-pylance
2024-11-11 03:16:17 - Instalando extensão: ms-python.black-formatter
2024-11-11 03:16:18 - Instalando extensão: eamodio.gitlens
2024-11-11 03:16:19 - Instalando extensão: streetsidesoftware.code-spell-checker
2024-11-11 03:16:20 - Configuração concluída com sucesso!
